<?xml version="1.0" encoding="UTF-8"?>
<!-- Generated by org.testng.reporters.JUnitXMLReporter -->
<testsuite ignored="0" hostname="PC-IndrajeetY" failures="0" tests="7" name="My Tests" time="7.777" errors="0" timestamp="2024-10-08T18:20:41 IST">
  <testcase classname="TestNG_Demo.OrangeHRMTest" name="openApp" time="3.501"/>
  <testcase classname="TestNG_Demo.OrangeHRMTest" name="testLogo" time="3.028"/>
  <testcase classname="TestNG_Demo.OrangeHRMTest" name="testLogin" time="1.116"/>
  <testcase classname="TestNG_Demo.OrangeHRMTest" name="closeApp" time="0.094"/>
  <testcase classname="TestNG_Demo.FirstTestCase" name="openapp" time="0.001"/>
  <testcase classname="TestNG_Demo.FirstTestCase" name="login" time="0.002"/>
  <testcase classname="TestNG_Demo.FirstTestCase" name="logout" time="0.001"/>
</testsuite> <!-- My Tests -->
