<?xml version="1.0" encoding="UTF-8"?>
<!-- Generated by org.testng.reporters.JUnitXMLReporter -->
<testsuite ignored="6" hostname="PC-IndrajeetY" failures="0" tests="2" name="groupingTests" time="0.035" errors="0" timestamp="2024-10-10T16:57:43 IST">
  <testcase classname="GroupingDemo.PaymentTests" name="paymentInRupees" time="0.007"/>
  <testcase classname="GroupingDemo.PaymentTests" name="paymentInDollars" time="0.0"/>
  <testcase classname="GroupingDemo.LoginTests" name="loginByFacebook" time="0.0">
    <ignored/>
  </testcase> <!-- loginByFacebook -->
  <testcase classname="GroupingDemo.SignupTests" name="signupByEmail" time="0.0">
    <ignored/>
  </testcase> <!-- signupByEmail -->
  <testcase classname="GroupingDemo.SignupTests" name="signupByFacebook" time="0.0">
    <ignored/>
  </testcase> <!-- signupByFacebook -->
  <testcase classname="GroupingDemo.LoginTests" name="loginByEmail" time="0.0">
    <ignored/>
  </testcase> <!-- loginByEmail -->
  <testcase classname="GroupingDemo.LoginTests" name="loginByTwitter" time="0.0">
    <ignored/>
  </testcase> <!-- loginByTwitter -->
  <testcase classname="GroupingDemo.SignupTests" name="signupByTwitter" time="0.0">
    <ignored/>
  </testcase> <!-- signupByTwitter -->
</testsuite> <!-- groupingTests -->
