<?xml version="1.0" encoding="UTF-8"?>
<!-- Generated by org.testng.reporters.JUnitXMLReporter -->
<testsuite ignored="0" hostname="PC-IndrajeetY" failures="0" tests="3" name="ChromeTest" time="7.043" errors="0" timestamp="2024-10-11T00:58:46 IST">
  <testcase classname="ParameterizationDemo.ParamTest" name="testLogo" time="3.035"/>
  <testcase classname="ParameterizationDemo.ParamTest" name="testTitle" time="0.006"/>
  <testcase classname="ParameterizationDemo.ParamTest" name="testURL" time="0.006"/>
</testsuite> <!-- ChromeTest -->
