<?xml version="1.0" encoding="UTF-8"?>
<testng-results ignored="0" total="1" passed="1" failed="0" skipped="0">
  <reporter-output>
  </reporter-output>
  <suite started-at="2024-10-14T07:48:00 IST" name="Suite" finished-at="2024-10-14T07:48:06 IST" duration-ms="5396">
    <groups>
    </groups>
    <test started-at="2024-10-14T07:48:00 IST" name="Test" finished-at="2024-10-14T07:48:06 IST" duration-ms="5396">
      <class name="POM_Demo.LoginTest">
        <test-method is-config="true" signature="setup()[pri:0, instance:POM_Demo.LoginTest@52bf72b5]" started-at="2024-10-14T07:48:00 IST" name="setup" finished-at="2024-10-14T07:48:04 IST" duration-ms="3829" status="PASS">
          <reporter-output>
          </reporter-output>
        </test-method> <!-- setup -->
        <test-method signature="testLogin()[pri:0, instance:POM_Demo.LoginTest@52bf72b5]" started-at="2024-10-14T07:48:04 IST" name="testLogin" finished-at="2024-10-14T07:48:05 IST" duration-ms="1450" status="PASS">
          <reporter-output>
          </reporter-output>
        </test-method> <!-- testLogin -->
        <test-method is-config="true" signature="tearDown()[pri:0, instance:POM_Demo.LoginTest@52bf72b5]" started-at="2024-10-14T07:48:05 IST" name="tearDown" finished-at="2024-10-14T07:48:06 IST" duration-ms="96" status="PASS">
          <reporter-output>
          </reporter-output>
        </test-method> <!-- tearDown -->
      </class> <!-- POM_Demo.LoginTest -->
    </test> <!-- Test -->
  </suite> <!-- Suite -->
</testng-results>
